<?xml version="1.0" encoding="UTF-8"?>
<!-- Generated by org.testng.reporters.JUnitReportReporter -->
<testsuite skipped="0" hostname="LAPTOP-TS2JRQAC" name="com.vn.myanchords_demo.LoginTestGuru" tests="6" failures="0" timestamp="12 May 2021 08:57:35 GMT" time="11.288" errors="0">
  <testcase name="TC_01_LoginWithEmptyEmailAndPassword" time="1.323" classname="com.vn.myanchords_demo.LoginTestGuru"/>
  <testcase name="TC_03_LoginWithIncorrectEmail" time="2.320" classname="com.vn.myanchords_demo.LoginTestGuru"/>
  <testcase name="TC_05_LoginWithIncorrectPassword" time="2.192" classname="com.vn.myanchords_demo.LoginTestGuru"/>
  <testcase name="TC_02_LoginWithInvalidEmail" time="1.255" classname="com.vn.myanchords_demo.LoginTestGuru"/>
  <testcase name="TC_04_LoginWithInvalidPassword" time="1.588" classname="com.vn.myanchords_demo.LoginTestGuru"/>
  <testcase name="TC_06_LoginWithValidEmailAndPassword" time="2.610" classname="com.vn.myanchords_demo.LoginTestGuru"/>
</testsuite> <!-- com.vn.myanchords_demo.LoginTestGuru -->
