<?xml version="1.0" encoding="UTF-8"?>
<!-- Generated by org.testng.reporters.JUnitReportReporter -->
<testsuite skipped="0" hostname="LAPTOP-TS2JRQAC" name="guru_demo.LoginTestGuru" tests="6" failures="0" timestamp="12 May 2021 09:43:04 GMT" time="11.718" errors="0">
  <testcase name="TC_01_LoginWithEmptyEmailAndPassword" time="1.517" classname="guru_demo.LoginTestGuru"/>
  <testcase name="TC_03_LoginWithIncorrectEmail" time="2.395" classname="guru_demo.LoginTestGuru"/>
  <testcase name="TC_05_LoginWithIncorrectPassword" time="2.497" classname="guru_demo.LoginTestGuru"/>
  <testcase name="TC_02_LoginWithInvalidEmail" time="1.251" classname="guru_demo.LoginTestGuru"/>
  <testcase name="TC_04_LoginWithInvalidPassword" time="1.348" classname="guru_demo.LoginTestGuru"/>
  <testcase name="TC_06_LoginWithValidEmailAndPassword" time="2.710" classname="guru_demo.LoginTestGuru"/>
</testsuite> <!-- guru_demo.LoginTestGuru -->
