<?xml version="1.0" encoding="UTF-8"?>
<!-- Generated by org.testng.reporters.JUnitReportReporter -->
<testsuite skipped="0" hostname="LAPTOP-TS2JRQAC" name="com.vn.myanchords_demo.TC_004_Admin" tests="1" failures="0" timestamp="17 Dec 2020 03:09:36 GMT" time="73.813" errors="0">
  <testcase name="testcase_001" time="73.813" classname="com.vn.myanchords_demo.TC_004_Admin"/>
</testsuite> <!-- com.vn.myanchords_demo.TC_004_Admin -->
